e:\documents-datadrive\opengl\opengl\opengl\debug\vc141.pdb
e:\documents-datadrive\opengl\opengl\opengl\debug\vc141.idb
e:\documents-datadrive\opengl\opengl\opengl\debug\main.obj
e:\documents-datadrive\opengl\opengl\debug\opengl.pdb
e:\documents-datadrive\opengl\opengl\opengl\debug\opengl.tlog\cl.command.1.tlog
e:\documents-datadrive\opengl\opengl\opengl\debug\opengl.tlog\cl.read.1.tlog
e:\documents-datadrive\opengl\opengl\opengl\debug\opengl.tlog\cl.write.1.tlog
e:\documents-datadrive\opengl\opengl\opengl\debug\opengl.tlog\link-cvtres.read.1.tlog
e:\documents-datadrive\opengl\opengl\opengl\debug\opengl.tlog\link-cvtres.write.1.tlog
e:\documents-datadrive\opengl\opengl\opengl\debug\opengl.tlog\link-rc.read.1.tlog
e:\documents-datadrive\opengl\opengl\opengl\debug\opengl.tlog\link-rc.write.1.tlog
e:\documents-datadrive\opengl\opengl\opengl\debug\opengl.tlog\link.2264-cvtres.read.1.tlog
e:\documents-datadrive\opengl\opengl\opengl\debug\opengl.tlog\link.2264-cvtres.write.1.tlog
e:\documents-datadrive\opengl\opengl\opengl\debug\opengl.tlog\link.2264-rc.read.1.tlog
e:\documents-datadrive\opengl\opengl\opengl\debug\opengl.tlog\link.2264-rc.write.1.tlog
e:\documents-datadrive\opengl\opengl\opengl\debug\opengl.tlog\link.2264.read.1.tlog
e:\documents-datadrive\opengl\opengl\opengl\debug\opengl.tlog\link.2264.write.1.tlog
e:\documents-datadrive\opengl\opengl\opengl\debug\opengl.tlog\link.command.1.tlog
e:\documents-datadrive\opengl\opengl\opengl\debug\opengl.tlog\link.read.1.tlog
e:\documents-datadrive\opengl\opengl\opengl\debug\opengl.tlog\link.write.1.tlog
